BUILD: Examining d:\201512~1\project\syser\source directory for files to compile.
oacr invalidate root:x86chk /autocleanqueue
1>Building generated files in d:\201512~1\project\syser\source *************
1>'nmake.exe /nologo BUILDMSG=Stop. -i BUILD_PASS=PASS0 NOLINK=1 PASS0ONLY=1 MAKEDIR_RELATIVE_TO_BASEDIR='
1>d:\201512~1\project\syser\source: TARGETPATH is ..\..\..\Bin
1> mc /h d:\201512~1\project\syser\source\objchk_win7_x86\i386 /r d:\201512~1\project\syser\source\objchk_win7_x86\i386  syserdrivermc.mc
1>MC: Compiling syserdrivermc.mc
1> if not exist d:\201512~1\project\syser\source\objchk_win7_x86\i386\syserdrivermc.h echo error : d:\201512~1\project\syser\source\objchk_win7_x86\i386\syserdrivermc.h not produced
1>Compiling d:\201512~1\project\syser\source *************
1>'nmake.exe /nologo BUILDMSG=Stop. -i BUILD_PASS=PASS1 NOLINK=1 MAKEDIR_RELATIVE_TO_BASEDIR='
1>d:\201512~1\project\syser\source: TARGETPATH is ..\..\..\Bin
1>C:\WinDDK\7600.16385.1\Bin\x86\oacr\oacrcl /Ii386 /I. /I..\..\..\Addition\SyserDebugger /Id:\201512~1\project\syser\source\objchk_win7_x86\i386 /IC:\WinDDK\7600.16385.1\inc\api /IC:\WinDDK\7600.16385.1\inc\api /IC:\WinDDK\7600.16385.1\inc\ddk /IC:\WinDDK\7600.16385.1\inc\ddk /IC:\WinDDK\7600.16385.1\inc\crt /D_X86_=1 /Di386=1 /DSTD_CALL /DCONDITION_HANDLING=1 /DNT_UP=1 /DNT_INST=0 /DWIN32=100 /D_NT1X_=100 /DWINNT=1 /D_WIN32_WINNT=0x0601 /DWINVER=0x0601 /D_WIN32_IE=0x0800 /DWIN32_LEAN_AND_MEAN=1 /DDEVL=1 /DDBG=1 /D__BUILDMACHINE__=WinDDK /DFPO=0 /D_DLL=1 /DNDEBUG /DCODE_OS_NT_DRV /DCODE_ALLOC_USER_HEAP /D_SYSER_ /DDEPRECATE_DDK_FUNCTIONS=1 /DMSC_NOOPT /DNTDDI_VERSION=0x06010000 /c /Zc:wchar_t- /Zl /Zp8 /Gy /Gm- -cbstring /W3 /Gz /hotpatch /EHs-c- /GR- /GF /GS /Z7 /Od /Oi /Oy- /Z7 /DKMDF_MAJOR_VERSION_STRING=01 /DKMDF_MINOR_VERSION_STRING=009 /wd4603 /wd4627 /typedil- /FIC:\WinDDK\7600.16385.1\inc\api\warning.h /YlSyser /YcStdAfx.h /Fpd:\201512~1\project\syser\source\objchk_win7_x86\i386\StdAfx.pch /Fo"d:\201512~1\project\syser\source\objchk_win7_x86\i386\StdAfx.obj" /Tp
1>#include "stdafx.h"
1> ml /safeseh /c /coff /Cx /nologo /Ii386\ /I. /I..\..\..\Addition\SyserDebugger /Id:\201512~1\project\syser\source\objchk_win7_x86\i386 /IC:\WinDDK\7600.16385.1\inc\api /IC:\WinDDK\7600.16385.1\inc\api /IC:\WinDDK\7600.16385.1\inc\ddk /IC:\WinDDK\7600.16385.1\inc\ddk /IC:\WinDDK\7600.16385.1\inc\crt /Zm  /Zi /D_X86_=1 /Di386=1  /DSTD_CALL /DCONDITION_HANDLING=1 /DNT_UP=1  /DNT_INST=0 /DWIN32=100 /D_NT1X_=100 /DWINNT=1 /D_WIN32_WINNT=0x0601 /DWINVER=0x0601 /D_WIN32_IE=0x0800    /DWIN32_LEAN_AND_MEAN=1   /DDEVL=1 /DDBG=1 /D__BUILDMACHINE__=WinDDK /DFPO=0  /Fod:\201512~1\project\syser\source\objchk_win7_x86\i386\common-x86.obj ..\i386\common-x86.asm
1> Assembling: ..\i386\common-x86.asm
1> ml /safeseh /c /coff /Cx /nologo /Ii386\ /I. /I..\..\..\Addition\SyserDebugger /Id:\201512~1\project\syser\source\objchk_win7_x86\i386 /IC:\WinDDK\7600.16385.1\inc\api /IC:\WinDDK\7600.16385.1\inc\api /IC:\WinDDK\7600.16385.1\inc\ddk /IC:\WinDDK\7600.16385.1\inc\ddk /IC:\WinDDK\7600.16385.1\inc\crt /Zm  /Zi /D_X86_=1 /Di386=1  /DSTD_CALL /DCONDITION_HANDLING=1 /DNT_UP=1  /DNT_INST=0 /DWIN32=100 /D_NT1X_=100 /DWINNT=1 /D_WIN32_WINNT=0x0601 /DWINVER=0x0601 /D_WIN32_IE=0x0800    /DWIN32_LEAN_AND_MEAN=1   /DDEVL=1 /DDBG=1 /D__BUILDMACHINE__=WinDDK /DFPO=0  /Fod:\201512~1\project\syser\source\objchk_win7_x86\i386\interrupt-x86.obj ..\i386\interrupt-x86.asm
1> Assembling: ..\i386\interrupt-x86.asm
1> ml /safeseh /c /coff /Cx /nologo /Ii386\ /I. /I..\..\..\Addition\SyserDebugger /Id:\201512~1\project\syser\source\objchk_win7_x86\i386 /IC:\WinDDK\7600.16385.1\inc\api /IC:\WinDDK\7600.16385.1\inc\api /IC:\WinDDK\7600.16385.1\inc\ddk /IC:\WinDDK\7600.16385.1\inc\ddk /IC:\WinDDK\7600.16385.1\inc\crt /Zm  /Zi /D_X86_=1 /Di386=1  /DSTD_CALL /DCONDITION_HANDLING=1 /DNT_UP=1  /DNT_INST=0 /DWIN32=100 /D_NT1X_=100 /DWINNT=1 /D_WIN32_WINNT=0x0601 /DWINVER=0x0601 /D_WIN32_IE=0x0800    /DWIN32_LEAN_AND_MEAN=1   /DDEVL=1 /DDBG=1 /D__BUILDMACHINE__=WinDDK /DFPO=0  /Fod:\201512~1\project\syser\source\objchk_win7_x86\i386\compatibility-x86.obj ..\i386\compatibility-x86.asm
1> Assembling: ..\i386\compatibility-x86.asm
1> ml /safeseh /c /coff /Cx /nologo /Ii386\ /I. /I..\..\..\Addition\SyserDebugger /Id:\201512~1\project\syser\source\objchk_win7_x86\i386 /IC:\WinDDK\7600.16385.1\inc\api /IC:\WinDDK\7600.16385.1\inc\api /IC:\WinDDK\7600.16385.1\inc\ddk /IC:\WinDDK\7600.16385.1\inc\ddk /IC:\WinDDK\7600.16385.1\inc\crt /Zm  /Zi /D_X86_=1 /Di386=1  /DSTD_CALL /DCONDITION_HANDLING=1 /DNT_UP=1  /DNT_INST=0 /DWIN32=100 /D_NT1X_=100 /DWINNT=1 /D_WIN32_WINNT=0x0601 /DWINVER=0x0601 /D_WIN32_IE=0x0800    /DWIN32_LEAN_AND_MEAN=1   /DDEVL=1 /DDBG=1 /D__BUILDMACHINE__=WinDDK /DFPO=0  /Fod:\201512~1\project\syser\source\objchk_win7_x86\i386\function.obj ..\i386\function.asm
1> Assembling: ..\i386\function.asm
1> C:\WinDDK\7600.16385.1\Bin\x86\oacr\oacrcl @d:\201512~1\project\syser\source\objchk_win7_x86\i386\cl.rsp
1>OACR NOTE : Not starting monitor (oacrcl running in job that doesn't allow break-away)
1> C:\WinDDK\7600.16385.1\Bin\x86\oacr\oacrlink /lib /out:..\..\..\Bin\i386\Syser.lib @d:\201512~1\project\syser\source\objchk_win7_x86\i386\lib.rsp
1>Linking for d:\201512~1\project\syser\source *************
1>'nmake.exe /nologo BUILDMSG=Stop. -i BUILD_PASS=PASS2 LINKONLY=1 NOPASS0=1 MAKEDLL=1 MAKEDIR_RELATIVE_TO_BASEDIR='
1>d:\201512~1\project\syser\source: TARGETPATH is ..\..\..\Bin
1> rc.exe -l 409 -DSXS_PROCESSOR_ARCHITECTURE="""x86"""  -DSXS_TARGET="""Syser.sys"""   -DSYSTEM_COMPATIBLE_ASSEMBLY_NAME="""Microsoft.Windows.SystemCompatible"""  -DLSYSTEM_COMPATIBLE_ASSEMBLY_NAME=L"""Microsoft.Windows.SystemCompatible"""   -DSXS_ASSEMBLY_VERSION=""""""  /r /fo d:\201512~1\project\syser\source\objchk_win7_x86\i386\syserdriver.res /D_X86_=1 /Di386=1  /DSTD_CALL /DCONDITION_HANDLING=1 /DNT_UP=1  /DNT_INST=0 /DWIN32=100 /D_NT1X_=100 /DWINNT=1 /D_WIN32_WINNT=0x0601 /DWINVER=0x0601 /D_WIN32_IE=0x0800    /DWIN32_LEAN_AND_MEAN=1  /DDEVL=1 /DDBG=1 /D__BUILDMACHINE__=WinDDK /DFPO=0   /D_DLL=1 /DNDEBUG  /DCODE_OS_NT_DRV /DCODE_ALLOC_USER_HEAP /D_SYSER_ /DDEPRECATE_DDK_FUNCTIONS=1 /DMSC_NOOPT /DNTDDI_VERSION=0x06010000   /I..\..\..\Addition\SyserDebugger /Id:\201512~1\project\syser\source\objchk_win7_x86\i386 /IC:\WinDDK\7600.16385.1\inc\api /IC:\WinDDK\7600.16385.1\inc\api /IC:\WinDDK\7600.16385.1\inc\ddk /IC:\WinDDK\7600.16385.1\inc\ddk /IC:\WinDDK\7600.16385.1\inc\crt .\syserdriver.rc
1>Microsoft (R) Windows (R) Resource Compiler Version 6.1.6908.0
1>Copyright (C) Microsoft Corporation.  All rights reserved.
1> C:\WinDDK\7600.16385.1\Bin\x86\oacr\oacrlink /out:..\..\..\Bin\i386\Syser.sys /machine:ix86 @d:\201512~1\project\syser\source\objchk_win7_x86\i386\lnk.rsp
